{
  "stats": {
    "suites": 2,
    "tests": 1,
    "passes": 1,
    "pending": 0,
    "failures": 0,
    "start": "2025-02-19T20:31:07.665Z",
    "end": "2025-02-19T20:31:27.666Z",
    "duration": 20001,
    "testsRegistered": 1,
    "passPercent": 100,
    "pendingPercent": 0,
    "other": 0,
    "hasOther": false,
    "skipped": 0,
    "hasSkipped": false
  },
  "results": [
    {
      "uuid": "b6dc9ca7-c116-4a0c-b228-cb2d99124136",
      "title": "",
      "fullFile": "cypress\\e2e\\pim.cy.js",
      "file": "cypress\\e2e\\pim.cy.js",
      "beforeHooks": [],
      "afterHooks": [],
      "tests": [],
      "suites": [
        {
          "uuid": "6828b372-1d17-4232-84bc-3a0dc3e705e7",
          "title": "PIM",
          "fullFile": "",
          "file": "",
          "beforeHooks": [],
          "afterHooks": [],
          "tests": [],
          "suites": [
            {
              "uuid": "cd5587f8-9fd9-4e3e-a00c-941e23fe39cd",
              "title": "Add an Employee",
              "fullFile": "",
              "file": "",
              "beforeHooks": [],
              "afterHooks": [],
              "tests": [
                {
                  "title": "Add Employee success",
                  "fullTitle": "PIM Add an Employee Add Employee success",
                  "timedOut": null,
                  "duration": 9474,
                  "state": "passed",
                  "speed": "medium",
                  "pass": true,
                  "fail": false,
                  "pending": false,
                  "context": null,
                  "code": "_pimPage.default.clickAdd();\n_pimPage.default.fillInformationPIM('Test', 'Automation', 'Employee', randomIdEmployee);\n_pimPage.default.clickSave();\n_pimPage.default.validateMessSuccess().then(message => {\n  expect(message).eq('Successfully Saved');\n});",
                  "err": {},
                  "uuid": "3e7bdd76-50f5-46b8-9280-9d7d1c135f66",
                  "parentUUID": "cd5587f8-9fd9-4e3e-a00c-941e23fe39cd",
                  "isHook": false,
                  "skipped": false
                }
              ],
              "suites": [],
              "passes": [
                "3e7bdd76-50f5-46b8-9280-9d7d1c135f66"
              ],
              "failures": [],
              "pending": [],
              "skipped": [],
              "duration": 9474,
              "root": false,
              "rootEmpty": false,
              "_timeout": 2000
            }
          ],
          "passes": [],
          "failures": [],
          "pending": [],
          "skipped": [],
          "duration": 0,
          "root": false,
          "rootEmpty": false,
          "_timeout": 2000
        }
      ],
      "passes": [],
      "failures": [],
      "pending": [],
      "skipped": [],
      "duration": 0,
      "root": true,
      "rootEmpty": true,
      "_timeout": 2000
    }
  ],
  "meta": {
    "mocha": {
      "version": "7.0.1"
    },
    "mochawesome": {
      "options": {
        "quiet": false,
        "reportFilename": "report",
        "saveHtml": true,
        "saveJson": true,
        "consoleReporter": "spec",
        "useInlineDiffs": false,
        "code": true
      },
      "version": "7.1.3"
    },
    "marge": {
      "options": {
        "reportDir": "cypress/reports/mochawesome-report",
        "overwrite": false,
        "html": true,
        "json": true,
        "charts": true,
        "reportFilename": "report",
        "timestamp": "mmddyyyy_HHMMss",
        "inlineAssets": true,
        "toOpen": true,
        "reportPageTitle": "Relatório de execução de testes E2E no site SauceDemo",
        "embeddedScreenshots": true
      },
      "version": "6.2.0"
    }
  }
}