{
  "stats": {
    "suites": 2,
    "tests": 7,
    "passes": 7,
    "pending": 0,
    "failures": 0,
    "start": "2025-02-19T20:30:23.121Z",
    "end": "2025-02-19T20:30:53.631Z",
    "duration": 30510,
    "testsRegistered": 7,
    "passPercent": 100,
    "pendingPercent": 0,
    "other": 0,
    "hasOther": false,
    "skipped": 0,
    "hasSkipped": false
  },
  "results": [
    {
      "uuid": "d236b411-b797-4100-8a4e-ca95cc09cbb2",
      "title": "",
      "fullFile": "cypress\\e2e\\login.cy.js",
      "file": "cypress\\e2e\\login.cy.js",
      "beforeHooks": [],
      "afterHooks": [],
      "tests": [],
      "suites": [
        {
          "uuid": "4bf9d237-f783-4e0d-a8ce-70730859f181",
          "title": "Access the Orange HRM Page to perform Login validations",
          "fullFile": "",
          "file": "",
          "beforeHooks": [],
          "afterHooks": [],
          "tests": [],
          "suites": [
            {
              "uuid": "2f17735e-923d-46b5-baab-7f09b9c8c840",
              "title": "Login",
              "fullFile": "",
              "file": "",
              "beforeHooks": [],
              "afterHooks": [],
              "tests": [
                {
                  "title": "Success Login",
                  "fullTitle": "Access the Orange HRM Page to perform Login validations Login Success Login",
                  "timedOut": null,
                  "duration": 5106,
                  "state": "passed",
                  "speed": "medium",
                  "pass": true,
                  "fail": false,
                  "pending": false,
                  "context": null,
                  "code": "_loginPage.default.fillLogin(\"Admin\", \"admin123\");\n_loginPage.default.clickLogin();\n_homePage.default.validateHome().then(text => {\n  expect(text).eq('Admin');\n});",
                  "err": {},
                  "uuid": "a1b0be54-99e4-4785-9146-12de03985351",
                  "parentUUID": "2f17735e-923d-46b5-baab-7f09b9c8c840",
                  "isHook": false,
                  "skipped": false
                },
                {
                  "title": "Login with blank UserName field",
                  "fullTitle": "Access the Orange HRM Page to perform Login validations Login Login with blank UserName field",
                  "timedOut": null,
                  "duration": 2686,
                  "state": "passed",
                  "speed": "fast",
                  "pass": true,
                  "fail": false,
                  "pending": false,
                  "context": null,
                  "code": "_loginPage.default.fillLogin(null, \"admin123\");\n_loginPage.default.clickLogin();\n_loginPage.default.validateErrorMess().then(message => {\n  expect(message).eq(\"Required\");\n});",
                  "err": {},
                  "uuid": "5852b0eb-aed3-4215-a542-ee2aa0b2af87",
                  "parentUUID": "2f17735e-923d-46b5-baab-7f09b9c8c840",
                  "isHook": false,
                  "skipped": false
                },
                {
                  "title": "Login with blank Password field",
                  "fullTitle": "Access the Orange HRM Page to perform Login validations Login Login with blank Password field",
                  "timedOut": null,
                  "duration": 2788,
                  "state": "passed",
                  "speed": "fast",
                  "pass": true,
                  "fail": false,
                  "pending": false,
                  "context": null,
                  "code": "_loginPage.default.fillLogin(\"Admin\", null);\n_loginPage.default.clickLogin();\n_loginPage.default.validateErrorMess().then(message => {\n  expect(message).eq(\"Required\");\n});",
                  "err": {},
                  "uuid": "4dd93322-1c73-4355-8b7b-2f53f9dd7e69",
                  "parentUUID": "2f17735e-923d-46b5-baab-7f09b9c8c840",
                  "isHook": false,
                  "skipped": false
                },
                {
                  "title": "Login with blank UserName and Password field",
                  "fullTitle": "Access the Orange HRM Page to perform Login validations Login Login with blank UserName and Password field",
                  "timedOut": null,
                  "duration": 2575,
                  "state": "passed",
                  "speed": "fast",
                  "pass": true,
                  "fail": false,
                  "pending": false,
                  "context": null,
                  "code": "_loginPage.default.fillLogin(null, null);\n_loginPage.default.clickLogin();\n_loginPage.default.validateErrorMess().then(mesOne => {\n  expect(mesOne).eq(\"Required\");\n});\n_loginPage.default.validateErrorMess2().then(mesTwo => {\n  expect(mesTwo).eq(\"Required\");\n});",
                  "err": {},
                  "uuid": "9017cdce-f93d-43e0-bcf0-1f94f5a84f21",
                  "parentUUID": "2f17735e-923d-46b5-baab-7f09b9c8c840",
                  "isHook": false,
                  "skipped": false
                },
                {
                  "title": "Login with blank UserName invalid",
                  "fullTitle": "Access the Orange HRM Page to perform Login validations Login Login with blank UserName invalid",
                  "timedOut": null,
                  "duration": 3475,
                  "state": "passed",
                  "speed": "fast",
                  "pass": true,
                  "fail": false,
                  "pending": false,
                  "context": null,
                  "code": "_loginPage.default.fillLogin(\"@$%#@!!@\", \"admin123\");\n_loginPage.default.clickLogin();\n_loginPage.default.validateErrorAlert().then(message => {\n  expect(message).eq(\"Invalid credentials\");\n});",
                  "err": {},
                  "uuid": "bca947d8-7eec-4e36-8bb8-17c911086e08",
                  "parentUUID": "2f17735e-923d-46b5-baab-7f09b9c8c840",
                  "isHook": false,
                  "skipped": false
                },
                {
                  "title": "Login with blank Password invalid",
                  "fullTitle": "Access the Orange HRM Page to perform Login validations Login Login with blank Password invalid",
                  "timedOut": null,
                  "duration": 3854,
                  "state": "passed",
                  "speed": "fast",
                  "pass": true,
                  "fail": false,
                  "pending": false,
                  "context": null,
                  "code": "_loginPage.default.fillLogin(\"Admin\", \"@$%#@!!@\");\n_loginPage.default.clickLogin();\n_loginPage.default.validateErrorAlert().then(message => {\n  expect(message).eq(\"Invalid credentials\");\n});",
                  "err": {},
                  "uuid": "a779f72a-c6f0-4500-970e-2b747477c013",
                  "parentUUID": "2f17735e-923d-46b5-baab-7f09b9c8c840",
                  "isHook": false,
                  "skipped": false
                },
                {
                  "title": "Login with blank UserName and Password invalid",
                  "fullTitle": "Access the Orange HRM Page to perform Login validations Login Login with blank UserName and Password invalid",
                  "timedOut": null,
                  "duration": 3468,
                  "state": "passed",
                  "speed": "fast",
                  "pass": true,
                  "fail": false,
                  "pending": false,
                  "context": null,
                  "code": "_loginPage.default.fillLogin(\"@((#!@$$@\", \"@$%#@!!@\");\n_loginPage.default.clickLogin();\n_loginPage.default.validateErrorAlert().then(message => {\n  expect(message).eq(\"Invalid credentials\");\n});",
                  "err": {},
                  "uuid": "fd145980-b7a3-4611-b2f9-ef80d3414441",
                  "parentUUID": "2f17735e-923d-46b5-baab-7f09b9c8c840",
                  "isHook": false,
                  "skipped": false
                }
              ],
              "suites": [],
              "passes": [
                "a1b0be54-99e4-4785-9146-12de03985351",
                "5852b0eb-aed3-4215-a542-ee2aa0b2af87",
                "4dd93322-1c73-4355-8b7b-2f53f9dd7e69",
                "9017cdce-f93d-43e0-bcf0-1f94f5a84f21",
                "bca947d8-7eec-4e36-8bb8-17c911086e08",
                "a779f72a-c6f0-4500-970e-2b747477c013",
                "fd145980-b7a3-4611-b2f9-ef80d3414441"
              ],
              "failures": [],
              "pending": [],
              "skipped": [],
              "duration": 23952,
              "root": false,
              "rootEmpty": false,
              "_timeout": 2000
            }
          ],
          "passes": [],
          "failures": [],
          "pending": [],
          "skipped": [],
          "duration": 0,
          "root": false,
          "rootEmpty": false,
          "_timeout": 2000
        }
      ],
      "passes": [],
      "failures": [],
      "pending": [],
      "skipped": [],
      "duration": 0,
      "root": true,
      "rootEmpty": true,
      "_timeout": 2000
    }
  ],
  "meta": {
    "mocha": {
      "version": "7.0.1"
    },
    "mochawesome": {
      "options": {
        "quiet": false,
        "reportFilename": "report",
        "saveHtml": true,
        "saveJson": true,
        "consoleReporter": "spec",
        "useInlineDiffs": false,
        "code": true
      },
      "version": "7.1.3"
    },
    "marge": {
      "options": {
        "reportDir": "cypress/reports/mochawesome-report",
        "overwrite": false,
        "html": true,
        "json": true,
        "charts": true,
        "reportFilename": "report",
        "timestamp": "mmddyyyy_HHMMss",
        "inlineAssets": true,
        "toOpen": true,
        "reportPageTitle": "Relatório de execução de testes E2E no site SauceDemo",
        "embeddedScreenshots": true
      },
      "version": "6.2.0"
    }
  }
}