{
  "stats": {
    "suites": 2,
    "tests": 11,
    "passes": 11,
    "pending": 0,
    "failures": 0,
    "start": "2025-02-19T20:29:10.354Z",
    "end": "2025-02-19T20:30:15.926Z",
    "duration": 65572,
    "testsRegistered": 11,
    "passPercent": 100,
    "pendingPercent": 0,
    "other": 0,
    "hasOther": false,
    "skipped": 0,
    "hasSkipped": false
  },
  "results": [
    {
      "uuid": "98d574be-9aaa-4af1-9f33-49e1f6537d01",
      "title": "",
      "fullFile": "cypress\\e2e\\home.cy.js",
      "file": "cypress\\e2e\\home.cy.js",
      "beforeHooks": [],
      "afterHooks": [],
      "tests": [],
      "suites": [
        {
          "uuid": "e7bea6d0-bff4-4e04-a6ba-608c07e4580a",
          "title": "Validate the HomePage",
          "fullFile": "",
          "file": "",
          "beforeHooks": [],
          "afterHooks": [],
          "tests": [],
          "suites": [
            {
              "uuid": "ea1495bd-1c80-4e4c-b891-bd85b9bdbf9e",
              "title": "Home validations",
              "fullFile": "",
              "file": "",
              "beforeHooks": [],
              "afterHooks": [],
              "tests": [
                {
                  "title": "Validate the Admin menu option",
                  "fullTitle": "Validate the HomePage Home validations Validate the Admin menu option",
                  "timedOut": null,
                  "duration": 6717,
                  "state": "passed",
                  "speed": "medium",
                  "pass": true,
                  "fail": false,
                  "pending": false,
                  "context": null,
                  "code": "_homePage.default.ValidateOptionMenu(\"Admin\").then(mensagem => {\n  expect(mensagem).to.eq(\"System Users\");\n});\n_homePage.default.validateUrlAdmin().then(url => {\n  expect(url).to.eq(\"https://opensource-demo.orangehrmlive.com/web/index.php/admin/viewSystemUsers\");\n});",
                  "err": {},
                  "uuid": "4dd67ad8-70bc-426a-8b41-1b31a131cfe7",
                  "parentUUID": "ea1495bd-1c80-4e4c-b891-bd85b9bdbf9e",
                  "isHook": false,
                  "skipped": false
                },
                {
                  "title": "Validate the PIM menu option",
                  "fullTitle": "Validate the HomePage Home validations Validate the PIM menu option",
                  "timedOut": null,
                  "duration": 4758,
                  "state": "passed",
                  "speed": "fast",
                  "pass": true,
                  "fail": false,
                  "pending": false,
                  "context": null,
                  "code": "_homePage.default.ValidateOptionMenu(\"PIM\").then(mensagem => {\n  expect(mensagem).to.eq(\"Employee Information\");\n});\n_homePage.default.validateUrlAdmin().then(url => {\n  expect(url).to.eq(\"https://opensource-demo.orangehrmlive.com/web/index.php/pim/viewEmployeeList\");\n});",
                  "err": {},
                  "uuid": "702e66d5-a382-48ab-8273-82731e3e5585",
                  "parentUUID": "ea1495bd-1c80-4e4c-b891-bd85b9bdbf9e",
                  "isHook": false,
                  "skipped": false
                },
                {
                  "title": "Validate the Leave menu option",
                  "fullTitle": "Validate the HomePage Home validations Validate the Leave menu option",
                  "timedOut": null,
                  "duration": 4962,
                  "state": "passed",
                  "speed": "fast",
                  "pass": true,
                  "fail": false,
                  "pending": false,
                  "context": null,
                  "code": "_homePage.default.ValidateOptionMenu(\"Leave\").then(mensagem => {\n  expect(mensagem).to.eq(\"Leave List\");\n});\n_homePage.default.validateUrlAdmin().then(url => {\n  expect(url).to.eq(\"https://opensource-demo.orangehrmlive.com/web/index.php/leave/viewLeaveList\");\n});",
                  "err": {},
                  "uuid": "bcf2b05c-33cc-4889-a8ee-6f1b2e1f1d3f",
                  "parentUUID": "ea1495bd-1c80-4e4c-b891-bd85b9bdbf9e",
                  "isHook": false,
                  "skipped": false
                },
                {
                  "title": "Validate the Time menu option",
                  "fullTitle": "Validate the HomePage Home validations Validate the Time menu option",
                  "timedOut": null,
                  "duration": 5525,
                  "state": "passed",
                  "speed": "medium",
                  "pass": true,
                  "fail": false,
                  "pending": false,
                  "context": null,
                  "code": "_homePage.default.ValidateOptionMenu(\"Time\").then(mensagem => {\n  expect(mensagem).to.eq(\"Select Employee\");\n});\n_homePage.default.validateUrlAdmin().then(url => {\n  expect(url).to.eq(\"https://opensource-demo.orangehrmlive.com/web/index.php/time/viewEmployeeTimesheet\");\n});",
                  "err": {},
                  "uuid": "2b3bcbae-94e4-4c89-aae4-d2e783f3eb5a",
                  "parentUUID": "ea1495bd-1c80-4e4c-b891-bd85b9bdbf9e",
                  "isHook": false,
                  "skipped": false
                },
                {
                  "title": "Validate the Recruitment menu option",
                  "fullTitle": "Validate the HomePage Home validations Validate the Recruitment menu option",
                  "timedOut": null,
                  "duration": 4876,
                  "state": "passed",
                  "speed": "fast",
                  "pass": true,
                  "fail": false,
                  "pending": false,
                  "context": null,
                  "code": "_homePage.default.ValidateOptionMenu(\"Recruitment\").then(mensagem => {\n  expect(mensagem).to.eq(\"Candidates\");\n});\n_homePage.default.validateUrlAdmin().then(url => {\n  expect(url).to.eq(\"https://opensource-demo.orangehrmlive.com/web/index.php/recruitment/viewCandidates\");\n});",
                  "err": {},
                  "uuid": "0beefb0d-6a4d-4fd4-ac6a-bc6a1de2f070",
                  "parentUUID": "ea1495bd-1c80-4e4c-b891-bd85b9bdbf9e",
                  "isHook": false,
                  "skipped": false
                },
                {
                  "title": "Validate the Performance menu option",
                  "fullTitle": "Validate the HomePage Home validations Validate the Performance menu option",
                  "timedOut": null,
                  "duration": 5002,
                  "state": "passed",
                  "speed": "medium",
                  "pass": true,
                  "fail": false,
                  "pending": false,
                  "context": null,
                  "code": "_homePage.default.ValidateOptionMenu(\"Performance\").then(mensagem => {\n  expect(mensagem).to.eq(\"Employee Reviews\");\n});\n_homePage.default.validateUrlAdmin().then(url => {\n  expect(url).to.eq(\"https://opensource-demo.orangehrmlive.com/web/index.php/performance/searchEvaluatePerformanceReview\");\n});",
                  "err": {},
                  "uuid": "78f0f1be-00cd-4557-a4b0-da18f8c13a69",
                  "parentUUID": "ea1495bd-1c80-4e4c-b891-bd85b9bdbf9e",
                  "isHook": false,
                  "skipped": false
                },
                {
                  "title": "Validate the DashBoard menu option",
                  "fullTitle": "Validate the HomePage Home validations Validate the DashBoard menu option",
                  "timedOut": null,
                  "duration": 5126,
                  "state": "passed",
                  "speed": "medium",
                  "pass": true,
                  "fail": false,
                  "pending": false,
                  "context": null,
                  "code": "_homePage.default.ValidateOptionMenu(\"DashBoard\").then(mensagem => {\n  expect(mensagem).to.eq(\"Time at Work\");\n});\n_homePage.default.validateUrlAdmin().then(url => {\n  expect(url).to.eq(\"https://opensource-demo.orangehrmlive.com/web/index.php/dashboard/index\");\n});",
                  "err": {},
                  "uuid": "8913d543-af4a-4376-ba36-9b234e5f2a7d",
                  "parentUUID": "ea1495bd-1c80-4e4c-b891-bd85b9bdbf9e",
                  "isHook": false,
                  "skipped": false
                },
                {
                  "title": "Validate the Directory menu option",
                  "fullTitle": "Validate the HomePage Home validations Validate the Directory menu option",
                  "timedOut": null,
                  "duration": 5131,
                  "state": "passed",
                  "speed": "medium",
                  "pass": true,
                  "fail": false,
                  "pending": false,
                  "context": null,
                  "code": "_homePage.default.ValidateOptionMenu(\"Directory\").then(mensagem => {\n  expect(mensagem).to.eq(\"Directory\");\n});\n_homePage.default.validateUrlAdmin().then(url => {\n  expect(url).to.eq(\"https://opensource-demo.orangehrmlive.com/web/index.php/directory/viewDirectory\");\n});",
                  "err": {},
                  "uuid": "b1a9cb84-9dd2-414a-8d79-11f84e892904",
                  "parentUUID": "ea1495bd-1c80-4e4c-b891-bd85b9bdbf9e",
                  "isHook": false,
                  "skipped": false
                },
                {
                  "title": "Validate the Maintenance menu option",
                  "fullTitle": "Validate the HomePage Home validations Validate the Maintenance menu option",
                  "timedOut": null,
                  "duration": 4845,
                  "state": "passed",
                  "speed": "fast",
                  "pass": true,
                  "fail": false,
                  "pending": false,
                  "context": null,
                  "code": "_homePage.default.ValidateOptionMenu(\"Maintenance\").then(mensagem => {\n  expect(mensagem).to.eq(\"Administrator Access\");\n});\n_homePage.default.validateUrlAdmin().then(url => {\n  expect(url).to.eq(\"https://opensource-demo.orangehrmlive.com/web/index.php/maintenance/purgeEmployee\");\n});",
                  "err": {},
                  "uuid": "856ef195-aa59-4324-9ce2-e5960fb15553",
                  "parentUUID": "ea1495bd-1c80-4e4c-b891-bd85b9bdbf9e",
                  "isHook": false,
                  "skipped": false
                },
                {
                  "title": "Validate the Claim menu option",
                  "fullTitle": "Validate the HomePage Home validations Validate the Claim menu option",
                  "timedOut": null,
                  "duration": 4774,
                  "state": "passed",
                  "speed": "fast",
                  "pass": true,
                  "fail": false,
                  "pending": false,
                  "context": null,
                  "code": "_homePage.default.ValidateOptionMenu(\"Claim\").then(mensagem => {\n  expect(mensagem).to.eq(\"Employee Claims\");\n});\n_homePage.default.validateUrlAdmin().then(url => {\n  expect(url).to.eq(\"https://opensource-demo.orangehrmlive.com/web/index.php/claim/viewAssignClaim\");\n});",
                  "err": {},
                  "uuid": "fb545a92-1381-4330-a70b-9fdae213be94",
                  "parentUUID": "ea1495bd-1c80-4e4c-b891-bd85b9bdbf9e",
                  "isHook": false,
                  "skipped": false
                },
                {
                  "title": "Validate the Buzz menu option",
                  "fullTitle": "Validate the HomePage Home validations Validate the Buzz menu option",
                  "timedOut": null,
                  "duration": 4530,
                  "state": "passed",
                  "speed": "fast",
                  "pass": true,
                  "fail": false,
                  "pending": false,
                  "context": null,
                  "code": "_homePage.default.ValidateOptionMenu(\"Buzz\").then(mensagem => {\n  expect(mensagem).to.eq(\"Buzz Newsfeed\");\n});\n_homePage.default.validateUrlAdmin().then(url => {\n  expect(url).to.eq(\"https://opensource-demo.orangehrmlive.com/web/index.php/buzz/viewBuzz\");\n});",
                  "err": {},
                  "uuid": "87c4756f-aac0-4dbf-9195-0053de75abc5",
                  "parentUUID": "ea1495bd-1c80-4e4c-b891-bd85b9bdbf9e",
                  "isHook": false,
                  "skipped": false
                }
              ],
              "suites": [],
              "passes": [
                "4dd67ad8-70bc-426a-8b41-1b31a131cfe7",
                "702e66d5-a382-48ab-8273-82731e3e5585",
                "bcf2b05c-33cc-4889-a8ee-6f1b2e1f1d3f",
                "2b3bcbae-94e4-4c89-aae4-d2e783f3eb5a",
                "0beefb0d-6a4d-4fd4-ac6a-bc6a1de2f070",
                "78f0f1be-00cd-4557-a4b0-da18f8c13a69",
                "8913d543-af4a-4376-ba36-9b234e5f2a7d",
                "b1a9cb84-9dd2-414a-8d79-11f84e892904",
                "856ef195-aa59-4324-9ce2-e5960fb15553",
                "fb545a92-1381-4330-a70b-9fdae213be94",
                "87c4756f-aac0-4dbf-9195-0053de75abc5"
              ],
              "failures": [],
              "pending": [],
              "skipped": [],
              "duration": 56246,
              "root": false,
              "rootEmpty": false,
              "_timeout": 2000
            }
          ],
          "passes": [],
          "failures": [],
          "pending": [],
          "skipped": [],
          "duration": 0,
          "root": false,
          "rootEmpty": false,
          "_timeout": 2000
        }
      ],
      "passes": [],
      "failures": [],
      "pending": [],
      "skipped": [],
      "duration": 0,
      "root": true,
      "rootEmpty": true,
      "_timeout": 2000
    }
  ],
  "meta": {
    "mocha": {
      "version": "7.0.1"
    },
    "mochawesome": {
      "options": {
        "quiet": false,
        "reportFilename": "report",
        "saveHtml": true,
        "saveJson": true,
        "consoleReporter": "spec",
        "useInlineDiffs": false,
        "code": true
      },
      "version": "7.1.3"
    },
    "marge": {
      "options": {
        "reportDir": "cypress/reports/mochawesome-report",
        "overwrite": false,
        "html": true,
        "json": true,
        "charts": true,
        "reportFilename": "report",
        "timestamp": "mmddyyyy_HHMMss",
        "inlineAssets": true,
        "toOpen": true,
        "reportPageTitle": "Relatório de execução de testes E2E no site SauceDemo",
        "embeddedScreenshots": true
      },
      "version": "6.2.0"
    }
  }
}